{"C:\\Users\\2two2\\OneDrive\\Documents\\frontend\\skadi\\frontend\\src\\shared\\lib\\classNames\\getUIClasses.ts": {"path":"C:\\Users\\2two2\\OneDrive\\Documents\\frontend\\skadi\\frontend\\src\\shared\\lib\\classNames\\getUIClasses.ts","all":false,"statementMap":{"0":{"start":{"line":1,"column":0},"end":{"line":1,"column":23}},"1":{"start":{"line":2,"column":0},"end":{"line":2,"column":0}},"2":{"start":{"line":3,"column":0},"end":{"line":3,"column":26}},"3":{"start":{"line":4,"column":0},"end":{"line":4,"column":17}},"4":{"start":{"line":5,"column":0},"end":{"line":5,"column":18}},"5":{"start":{"line":6,"column":0},"end":{"line":6,"column":30}},"6":{"start":{"line":7,"column":0},"end":{"line":7,"column":1}},"7":{"start":{"line":8,"column":0},"end":{"line":8,"column":0}},"8":{"start":{"line":9,"column":0},"end":{"line":9,"column":29}},"9":{"start":{"line":10,"column":0},"end":{"line":10,"column":20}},"10":{"start":{"line":11,"column":0},"end":{"line":11,"column":26}},"11":{"start":{"line":12,"column":0},"end":{"line":12,"column":33}},"12":{"start":{"line":13,"column":0},"end":{"line":13,"column":38}},"13":{"start":{"line":14,"column":0},"end":{"line":14,"column":14}},"14":{"start":{"line":15,"column":0},"end":{"line":15,"column":57}},"15":{"start":{"line":16,"column":0},"end":{"line":16,"column":41}},"16":{"start":{"line":17,"column":0},"end":{"line":17,"column":0}},"17":{"start":{"line":18,"column":0},"end":{"line":18,"column":19}},"18":{"start":{"line":19,"column":0},"end":{"line":19,"column":14}},"19":{"start":{"line":20,"column":0},"end":{"line":20,"column":26}},"20":{"start":{"line":21,"column":0},"end":{"line":21,"column":38}},"21":{"start":{"line":22,"column":0},"end":{"line":22,"column":38}},"22":{"start":{"line":23,"column":0},"end":{"line":23,"column":25}},"23":{"start":{"line":24,"column":0},"end":{"line":24,"column":3}},"24":{"start":{"line":25,"column":0},"end":{"line":25,"column":0}},"25":{"start":{"line":26,"column":0},"end":{"line":26,"column":22}},"26":{"start":{"line":27,"column":0},"end":{"line":27,"column":1}}},"s":{"0":1,"1":1,"2":1,"3":1,"4":1,"5":1,"6":1,"7":1,"8":1,"9":13,"10":13,"11":13,"12":13,"13":13,"14":13,"15":13,"16":13,"17":13,"18":13,"19":13,"20":13,"21":13,"22":13,"23":13,"24":13,"25":13,"26":13},"branchMap":{"0":{"type":"branch","line":9,"loc":{"start":{"line":9,"column":28},"end":{"line":27,"column":1}},"locations":[{"start":{"line":9,"column":28},"end":{"line":27,"column":1}}]},"1":{"type":"branch","line":16,"loc":{"start":{"line":16,"column":31},"end":{"line":16,"column":30}},"locations":[{"start":{"line":16,"column":31},"end":{"line":16,"column":30}}]},"2":{"type":"branch","line":20,"loc":{"start":{"line":20,"column":9},"end":{"line":20,"column":25}},"locations":[{"start":{"line":20,"column":9},"end":{"line":20,"column":25}}]},"3":{"type":"branch","line":21,"loc":{"start":{"line":21,"column":16},"end":{"line":21,"column":37}},"locations":[{"start":{"line":21,"column":16},"end":{"line":21,"column":37}}]}},"b":{"0":[13],"1":[0],"2":[0],"3":[0]},"fnMap":{"0":{"name":"getUIClasses","decl":{"start":{"line":9,"column":28},"end":{"line":27,"column":1}},"loc":{"start":{"line":9,"column":28},"end":{"line":27,"column":1}},"line":9}},"f":{"0":13}}
,"C:\\Users\\2two2\\OneDrive\\Documents\\frontend\\skadi\\frontend\\src\\shared\\ui\\button\\Button.tsx": {"path":"C:\\Users\\2two2\\OneDrive\\Documents\\frontend\\skadi\\frontend\\src\\shared\\ui\\button\\Button.tsx","all":false,"statementMap":{"0":{"start":{"line":1,"column":0},"end":{"line":1,"column":45}},"1":{"start":{"line":2,"column":0},"end":{"line":2,"column":41}},"2":{"start":{"line":3,"column":0},"end":{"line":3,"column":55}},"3":{"start":{"line":4,"column":0},"end":{"line":4,"column":67}},"4":{"start":{"line":5,"column":0},"end":{"line":5,"column":40}},"5":{"start":{"line":6,"column":0},"end":{"line":6,"column":0}},"6":{"start":{"line":7,"column":0},"end":{"line":7,"column":18}},"7":{"start":{"line":8,"column":0},"end":{"line":8,"column":21}},"8":{"start":{"line":9,"column":0},"end":{"line":9,"column":22}},"9":{"start":{"line":10,"column":0},"end":{"line":10,"column":17}},"10":{"start":{"line":11,"column":0},"end":{"line":11,"column":18}},"11":{"start":{"line":12,"column":0},"end":{"line":12,"column":20}},"12":{"start":{"line":13,"column":0},"end":{"line":13,"column":21}},"13":{"start":{"line":14,"column":0},"end":{"line":14,"column":37}},"14":{"start":{"line":15,"column":0},"end":{"line":15,"column":66}},"15":{"start":{"line":16,"column":0},"end":{"line":16,"column":19}},"16":{"start":{"line":17,"column":0},"end":{"line":17,"column":1}},"17":{"start":{"line":18,"column":0},"end":{"line":18,"column":0}},"18":{"start":{"line":19,"column":0},"end":{"line":19,"column":46}},"19":{"start":{"line":20,"column":0},"end":{"line":20,"column":9}},"20":{"start":{"line":21,"column":0},"end":{"line":21,"column":13}},"21":{"start":{"line":22,"column":0},"end":{"line":22,"column":12}},"22":{"start":{"line":23,"column":0},"end":{"line":23,"column":18}},"23":{"start":{"line":24,"column":0},"end":{"line":24,"column":15}},"24":{"start":{"line":25,"column":0},"end":{"line":25,"column":22}},"25":{"start":{"line":26,"column":0},"end":{"line":26,"column":13}},"26":{"start":{"line":27,"column":0},"end":{"line":27,"column":20}},"27":{"start":{"line":28,"column":0},"end":{"line":28,"column":22}},"28":{"start":{"line":29,"column":0},"end":{"line":29,"column":17}},"29":{"start":{"line":30,"column":0},"end":{"line":30,"column":11}},"30":{"start":{"line":31,"column":0},"end":{"line":31,"column":0}},"31":{"start":{"line":32,"column":0},"end":{"line":32,"column":23}},"32":{"start":{"line":33,"column":0},"end":{"line":33,"column":60}},"33":{"start":{"line":34,"column":0},"end":{"line":34,"column":14}},"34":{"start":{"line":35,"column":0},"end":{"line":35,"column":28}},"35":{"start":{"line":36,"column":0},"end":{"line":36,"column":24}},"36":{"start":{"line":37,"column":0},"end":{"line":37,"column":5}},"37":{"start":{"line":38,"column":0},"end":{"line":38,"column":18}},"38":{"start":{"line":39,"column":0},"end":{"line":39,"column":15}},"39":{"start":{"line":40,"column":0},"end":{"line":40,"column":5}},"40":{"start":{"line":41,"column":0},"end":{"line":41,"column":3}},"41":{"start":{"line":42,"column":0},"end":{"line":42,"column":0}},"42":{"start":{"line":43,"column":0},"end":{"line":43,"column":39}},"43":{"start":{"line":44,"column":0},"end":{"line":44,"column":18}},"44":{"start":{"line":45,"column":0},"end":{"line":45,"column":5}},"45":{"start":{"line":46,"column":0},"end":{"line":46,"column":12}},"46":{"start":{"line":47,"column":0},"end":{"line":47,"column":11}},"47":{"start":{"line":48,"column":0},"end":{"line":48,"column":61}},"48":{"start":{"line":49,"column":0},"end":{"line":49,"column":6}},"49":{"start":{"line":50,"column":0},"end":{"line":50,"column":17}},"50":{"start":{"line":51,"column":0},"end":{"line":51,"column":3}},"51":{"start":{"line":52,"column":0},"end":{"line":52,"column":0}},"52":{"start":{"line":53,"column":0},"end":{"line":53,"column":10}},"53":{"start":{"line":54,"column":0},"end":{"line":54,"column":11}},"54":{"start":{"line":55,"column":0},"end":{"line":55,"column":38}},"55":{"start":{"line":56,"column":0},"end":{"line":56,"column":37}},"56":{"start":{"line":57,"column":0},"end":{"line":57,"column":33}},"57":{"start":{"line":58,"column":0},"end":{"line":58,"column":46}},"58":{"start":{"line":59,"column":0},"end":{"line":59,"column":25}},"59":{"start":{"line":60,"column":0},"end":{"line":60,"column":5}},"60":{"start":{"line":61,"column":0},"end":{"line":61,"column":79}},"61":{"start":{"line":62,"column":0},"end":{"line":62,"column":21}},"62":{"start":{"line":63,"column":0},"end":{"line":63,"column":48}},"63":{"start":{"line":64,"column":0},"end":{"line":64,"column":30}},"64":{"start":{"line":65,"column":0},"end":{"line":65,"column":15}},"65":{"start":{"line":66,"column":0},"end":{"line":66,"column":8}},"66":{"start":{"line":67,"column":0},"end":{"line":67,"column":13}},"67":{"start":{"line":68,"column":0},"end":{"line":68,"column":3}},"68":{"start":{"line":69,"column":0},"end":{"line":69,"column":1}},"69":{"start":{"line":70,"column":0},"end":{"line":70,"column":0}},"70":{"start":{"line":71,"column":0},"end":{"line":71,"column":21}}},"s":{"0":1,"1":1,"2":1,"3":1,"4":1,"5":1,"6":1,"7":1,"8":1,"9":1,"10":1,"11":1,"12":1,"13":1,"14":1,"15":1,"16":1,"17":1,"18":1,"19":13,"20":13,"21":13,"22":13,"23":13,"24":13,"25":13,"26":13,"27":13,"28":13,"29":13,"30":13,"31":13,"32":2,"33":2,"34":2,"35":2,"36":2,"37":2,"38":1,"39":1,"40":2,"41":13,"42":13,"43":13,"44":13,"45":13,"46":13,"47":13,"48":13,"49":13,"50":13,"51":13,"52":13,"53":13,"54":13,"55":13,"56":13,"57":13,"58":13,"59":13,"60":13,"61":13,"62":4,"63":4,"64":4,"65":13,"66":13,"67":13,"68":13,"69":1,"70":1},"branchMap":{"0":{"type":"branch","line":19,"loc":{"start":{"line":19,"column":15},"end":{"line":69,"column":1}},"locations":[{"start":{"line":19,"column":15},"end":{"line":69,"column":1}}]},"1":{"type":"branch","line":55,"loc":{"start":{"line":55,"column":24},"end":{"line":55,"column":37}},"locations":[{"start":{"line":55,"column":24},"end":{"line":55,"column":37}}]},"2":{"type":"branch","line":58,"loc":{"start":{"line":58,"column":28},"end":{"line":58,"column":34}},"locations":[{"start":{"line":58,"column":28},"end":{"line":58,"column":34}}]},"3":{"type":"branch","line":58,"loc":{"start":{"line":58,"column":35},"end":{"line":58,"column":45}},"locations":[{"start":{"line":58,"column":35},"end":{"line":58,"column":45}}]},"4":{"type":"branch","line":61,"loc":{"start":{"line":61,"column":33},"end":{"line":61,"column":48}},"locations":[{"start":{"line":61,"column":33},"end":{"line":61,"column":48}}]},"5":{"type":"branch","line":61,"loc":{"start":{"line":61,"column":49},"end":{"line":61,"column":60}},"locations":[{"start":{"line":61,"column":49},"end":{"line":61,"column":60}}]},"6":{"type":"branch","line":62,"loc":{"start":{"line":62,"column":16},"end":{"line":65,"column":15}},"locations":[{"start":{"line":62,"column":16},"end":{"line":65,"column":15}}]},"7":{"type":"branch","line":32,"loc":{"start":{"line":32,"column":22},"end":{"line":41,"column":3}},"locations":[{"start":{"line":32,"column":22},"end":{"line":41,"column":3}}]},"8":{"type":"branch","line":38,"loc":{"start":{"line":38,"column":17},"end":{"line":40,"column":5}},"locations":[{"start":{"line":38,"column":17},"end":{"line":40,"column":5}}]},"9":{"type":"branch","line":56,"loc":{"start":{"line":56,"column":15},"end":{"line":56,"column":36}},"locations":[{"start":{"line":56,"column":15},"end":{"line":56,"column":36}}]}},"b":{"0":[13],"1":[11],"2":[12],"3":[1],"4":[4],"5":[9],"6":[4],"7":[2],"8":[1],"9":[2]},"fnMap":{"0":{"name":"Button","decl":{"start":{"line":19,"column":15},"end":{"line":69,"column":1}},"loc":{"start":{"line":19,"column":15},"end":{"line":69,"column":1}},"line":19},"1":{"name":"handleClick","decl":{"start":{"line":32,"column":22},"end":{"line":41,"column":3}},"loc":{"start":{"line":32,"column":22},"end":{"line":41,"column":3}},"line":32},"2":{"name":"onClick","decl":{"start":{"line":56,"column":15},"end":{"line":56,"column":36}},"loc":{"start":{"line":56,"column":15},"end":{"line":56,"column":36}},"line":56}},"f":{"0":13,"1":2,"2":2}}
,"C:\\Users\\2two2\\OneDrive\\Documents\\frontend\\skadi\\frontend\\src\\shared\\ui\\spinner\\Spinner.tsx": {"path":"C:\\Users\\2two2\\OneDrive\\Documents\\frontend\\skadi\\frontend\\src\\shared\\ui\\spinner\\Spinner.tsx","all":false,"statementMap":{"0":{"start":{"line":1,"column":0},"end":{"line":1,"column":26}},"1":{"start":{"line":2,"column":0},"end":{"line":2,"column":41}},"2":{"start":{"line":3,"column":0},"end":{"line":3,"column":0}},"3":{"start":{"line":4,"column":0},"end":{"line":4,"column":18}},"4":{"start":{"line":5,"column":0},"end":{"line":5,"column":19}},"5":{"start":{"line":6,"column":0},"end":{"line":6,"column":18}},"6":{"start":{"line":7,"column":0},"end":{"line":7,"column":1}},"7":{"start":{"line":8,"column":0},"end":{"line":8,"column":0}},"8":{"start":{"line":9,"column":0},"end":{"line":9,"column":66}},"9":{"start":{"line":10,"column":0},"end":{"line":10,"column":60}},"10":{"start":{"line":11,"column":0},"end":{"line":11,"column":59}},"11":{"start":{"line":12,"column":0},"end":{"line":12,"column":8}},"12":{"start":{"line":13,"column":0},"end":{"line":13,"column":1}},"13":{"start":{"line":14,"column":0},"end":{"line":14,"column":0}},"14":{"start":{"line":15,"column":0},"end":{"line":15,"column":22}}},"s":{"0":1,"1":1,"2":1,"3":1,"4":1,"5":1,"6":1,"7":1,"8":1,"9":4,"10":4,"11":4,"12":1,"13":1,"14":1},"branchMap":{"0":{"type":"branch","line":9,"loc":{"start":{"line":9,"column":28},"end":{"line":12,"column":8}},"locations":[{"start":{"line":9,"column":28},"end":{"line":12,"column":8}}]},"1":{"type":"branch","line":10,"loc":{"start":{"line":10,"column":26},"end":{"line":10,"column":42}},"locations":[{"start":{"line":10,"column":26},"end":{"line":10,"column":42}}]}},"b":{"0":[4],"1":[0]},"fnMap":{"0":{"name":"Spinner","decl":{"start":{"line":9,"column":28},"end":{"line":12,"column":8}},"loc":{"start":{"line":9,"column":28},"end":{"line":12,"column":8}},"line":9}},"f":{"0":4}}
}
