TN:
SF:src\shared\lib\classNames\getUIClasses.ts
FN:9,getUIClasses
FNF:1
FNH:1
FNDA:13,getUIClasses
DA:1,1
DA:2,1
DA:3,1
DA:4,1
DA:5,1
DA:6,1
DA:7,1
DA:8,1
DA:9,1
DA:10,13
DA:11,13
DA:12,13
DA:13,13
DA:14,13
DA:15,13
DA:16,13
DA:17,13
DA:18,13
DA:19,13
DA:20,13
DA:21,13
DA:22,13
DA:23,13
DA:24,13
DA:25,13
DA:26,13
DA:27,13
LF:27
LH:27
BRDA:9,0,0,13
BRDA:16,1,0,0
BRDA:20,2,0,0
BRDA:21,3,0,0
BRF:4
BRH:1
end_of_record
TN:
SF:src\shared\ui\button\Button.tsx
FN:19,Button
FN:32,handleClick
FN:56,onClick
FNF:3
FNH:3
FNDA:13,Button
FNDA:2,handleClick
FNDA:2,onClick
DA:1,1
DA:2,1
DA:3,1
DA:4,1
DA:5,1
DA:6,1
DA:7,1
DA:8,1
DA:9,1
DA:10,1
DA:11,1
DA:12,1
DA:13,1
DA:14,1
DA:15,1
DA:16,1
DA:17,1
DA:18,1
DA:19,1
DA:20,13
DA:21,13
DA:22,13
DA:23,13
DA:24,13
DA:25,13
DA:26,13
DA:27,13
DA:28,13
DA:29,13
DA:30,13
DA:31,13
DA:32,13
DA:33,2
DA:34,2
DA:35,2
DA:36,2
DA:37,2
DA:38,2
DA:39,1
DA:40,1
DA:41,2
DA:42,13
DA:43,13
DA:44,13
DA:45,13
DA:46,13
DA:47,13
DA:48,13
DA:49,13
DA:50,13
DA:51,13
DA:52,13
DA:53,13
DA:54,13
DA:55,13
DA:56,13
DA:57,13
DA:58,13
DA:59,13
DA:60,13
DA:61,13
DA:62,13
DA:63,4
DA:64,4
DA:65,4
DA:66,13
DA:67,13
DA:68,13
DA:69,13
DA:70,1
DA:71,1
LF:71
LH:71
BRDA:19,0,0,13
BRDA:55,1,0,11
BRDA:58,2,0,12
BRDA:58,3,0,1
BRDA:61,4,0,4
BRDA:61,5,0,9
BRDA:62,6,0,4
BRDA:32,7,0,2
BRDA:38,8,0,1
BRDA:56,9,0,2
BRF:10
BRH:10
end_of_record
TN:
SF:src\shared\ui\spinner\Spinner.tsx
FN:9,Spinner
FNF:1
FNH:1
FNDA:4,Spinner
DA:1,1
DA:2,1
DA:3,1
DA:4,1
DA:5,1
DA:6,1
DA:7,1
DA:8,1
DA:9,1
DA:10,4
DA:11,4
DA:12,4
DA:13,1
DA:14,1
DA:15,1
LF:15
LH:15
BRDA:9,0,0,4
BRDA:10,1,0,0
BRF:2
BRH:1
end_of_record
